2024-06-04T21:36:08.728Z [31merror[39m: uncaughtException: URL_MONGO is not defined
ReferenceError: URL_MONGO is not defined
    at Object.<anonymous> (C:\NewProgramacion\CoderHouse\BackEnd\src\app.js:32:17)
    at Module._compile (node:internal/modules/cjs/loader:1376:14)
    at Module._extensions..js (node:internal/modules/cjs/loader:1435:10)
    at Module.load (node:internal/modules/cjs/loader:1207:32)
    at Module._load (node:internal/modules/cjs/loader:1023:12)
    at Function.executeUserEntryPoint [as runMain] (node:internal/modules/run_main:135:12)
    at node:internal/main/run_main_module:28:49
2024-06-16T21:42:58.563Z [31merror[39m: uncaughtException: swaggerSetup is not defined
ReferenceError: swaggerSetup is not defined
    at Object.<anonymous> (C:\NewProgramacion\CoderHouse\BackEnd\src\app.js:27:1)
    at Module._compile (node:internal/modules/cjs/loader:1376:14)
    at Module._extensions..js (node:internal/modules/cjs/loader:1435:10)
    at Module.load (node:internal/modules/cjs/loader:1207:32)
    at Module._load (node:internal/modules/cjs/loader:1023:12)
    at Function.executeUserEntryPoint [as runMain] (node:internal/modules/run_main:135:12)
    at node:internal/main/run_main_module:28:49
2024-06-16T21:43:07.504Z [31merror[39m: uncaughtException: swaggerSetup is not defined
ReferenceError: swaggerSetup is not defined
    at Object.<anonymous> (C:\NewProgramacion\CoderHouse\BackEnd\src\app.js:27:1)
    at Module._compile (node:internal/modules/cjs/loader:1376:14)
    at Module._extensions..js (node:internal/modules/cjs/loader:1435:10)
    at Module.load (node:internal/modules/cjs/loader:1207:32)
    at Module._load (node:internal/modules/cjs/loader:1023:12)
    at Function.executeUserEntryPoint [as runMain] (node:internal/modules/run_main:135:12)
    at node:internal/main/run_main_module:28:49
2024-06-16T22:17:26.300Z [31merror[39m: uncaughtException: swaggerSetup is not a function
TypeError: swaggerSetup is not a function
    at Object.<anonymous> (C:\NewProgramacion\CoderHouse\BackEnd\src\app.js:27:1)
    at Module._compile (node:internal/modules/cjs/loader:1376:14)
    at Module._extensions..js (node:internal/modules/cjs/loader:1435:10)
    at Module.load (node:internal/modules/cjs/loader:1207:32)
    at Module._load (node:internal/modules/cjs/loader:1023:12)
    at Function.executeUserEntryPoint [as runMain] (node:internal/modules/run_main:135:12)
    at node:internal/main/run_main_module:28:49
